<?xml version="1.0" encoding="UTF-8"?>
<testng-results ignored="0" total="3" passed="3" failed="0" skipped="0">
  <reporter-output>
  </reporter-output>
  <suite started-at="2020-05-07T13:24:14 COT" name="Loan Department" finished-at="2020-05-07T13:24:15 COT" duration-ms="191">
    <groups>
    </groups>
    <test started-at="2020-05-07T13:24:14 COT" name="Personal Loan" finished-at="2020-05-07T13:24:14 COT" duration-ms="83">
      <class name="test.day1">
        <test-method signature="demo()[pri:0, instance:test.day1@548e6d58]" started-at="2020-05-07T13:24:14 COT" name="demo" finished-at="2020-05-07T13:24:14 COT" duration-ms="19" status="PASS">
          <reporter-output>
          </reporter-output>
        </test-method> <!-- demo -->
        <test-method signature="secondTest()[pri:0, instance:test.day1@548e6d58]" started-at="2020-05-07T13:24:14 COT" name="secondTest" finished-at="2020-05-07T13:24:14 COT" duration-ms="2" status="PASS">
          <reporter-output>
          </reporter-output>
        </test-method> <!-- secondTest -->
      </class> <!-- test.day1 -->
    </test> <!-- Personal Loan -->
    <test started-at="2020-05-07T13:24:15 COT" name="Car Loan" finished-at="2020-05-07T13:24:15 COT" duration-ms="9">
      <class name="test.day2">
        <test-method signature="ploand()[pri:0, instance:test.day2@157853da]" started-at="2020-05-07T13:24:15 COT" name="ploand" finished-at="2020-05-07T13:24:15 COT" duration-ms="3" status="PASS">
          <reporter-output>
          </reporter-output>
        </test-method> <!-- ploand -->
      </class> <!-- test.day2 -->
    </test> <!-- Car Loan -->
  </suite> <!-- Loan Department -->
</testng-results>
